mode: set
tugas-pertemuan-7/main.go:28.13,30.53 1 0
tugas-pertemuan-7/main.go:30.53,34.39 2 0
tugas-pertemuan-7/main.go:34.39,36.5 1 0
tugas-pertemuan-7/main.go:38.4,41.6 1 0
tugas-pertemuan-7/main.go:45.2,69.21 14 0
tugas-pertemuan-7/docs/docs.go:717.13,719.2 1 0
tugas-pertemuan-7/tests/main.go:10.32,21.2 7 0
tugas-pertemuan-7/middleware/jwt.go:9.30,12.22 2 0
tugas-pertemuan-7/middleware/jwt.go:12.22,14.3 1 0
tugas-pertemuan-7/middleware/jwt.go:16.2,18.16 2 0
tugas-pertemuan-7/middleware/jwt.go:18.16,20.3 1 0
tugas-pertemuan-7/middleware/jwt.go:22.2,26.17 4 0
tugas-pertemuan-7/handlers/auth.go:41.32,44.44 2 0
tugas-pertemuan-7/handlers/auth.go:44.44,46.3 1 0
tugas-pertemuan-7/handlers/auth.go:48.2,51.26 2 0
tugas-pertemuan-7/handlers/auth.go:51.26,52.65 1 0
tugas-pertemuan-7/handlers/auth.go:52.65,54.9 2 0
tugas-pertemuan-7/handlers/auth.go:59.2,59.18 1 0
tugas-pertemuan-7/handlers/auth.go:59.18,61.3 1 0
tugas-pertemuan-7/handlers/auth.go:63.2,65.16 2 0
tugas-pertemuan-7/handlers/auth.go:65.16,67.3 1 0
tugas-pertemuan-7/handlers/auth.go:69.2,75.4 1 0
tugas-pertemuan-7/handlers/auth.go:90.35,93.44 2 0
tugas-pertemuan-7/handlers/auth.go:93.44,95.3 1 0
tugas-pertemuan-7/handlers/auth.go:98.2,98.26 1 0
tugas-pertemuan-7/handlers/auth.go:98.26,99.34 1 0
tugas-pertemuan-7/handlers/auth.go:99.34,101.4 1 0
tugas-pertemuan-7/handlers/auth.go:104.2,118.16 5 0
tugas-pertemuan-7/handlers/auth.go:118.16,120.3 1 0
tugas-pertemuan-7/handlers/auth.go:122.2,128.4 1 0
tugas-pertemuan-7/handlers/profile.go:21.37,27.26 3 0
tugas-pertemuan-7/handlers/profile.go:27.26,28.17 1 0
tugas-pertemuan-7/handlers/profile.go:28.17,30.4 1 0
tugas-pertemuan-7/handlers/profile.go:33.2,41.4 1 0
tugas-pertemuan-7/handlers/student.go:44.38,50.2 1 0
tugas-pertemuan-7/handlers/student.go:65.37,66.26 1 0
tugas-pertemuan-7/handlers/student.go:66.26,68.3 1 0
tugas-pertemuan-7/handlers/student.go:70.2,73.29 2 0
tugas-pertemuan-7/handlers/student.go:73.29,74.56 1 0
tugas-pertemuan-7/handlers/student.go:74.56,76.9 2 0
tugas-pertemuan-7/handlers/student.go:80.2,80.21 1 0
tugas-pertemuan-7/handlers/student.go:80.21,82.3 1 0
tugas-pertemuan-7/handlers/student.go:84.2,88.4 1 0
tugas-pertemuan-7/handlers/student.go:103.40,106.44 2 0
tugas-pertemuan-7/handlers/student.go:106.44,108.3 1 0
tugas-pertemuan-7/handlers/student.go:110.2,110.38 1 0
tugas-pertemuan-7/handlers/student.go:110.38,112.3 1 0
tugas-pertemuan-7/handlers/student.go:114.2,114.34 1 0
tugas-pertemuan-7/handlers/student.go:114.34,116.3 1 0
tugas-pertemuan-7/handlers/student.go:118.2,118.44 1 0
tugas-pertemuan-7/handlers/student.go:118.44,120.3 1 0
tugas-pertemuan-7/handlers/student.go:122.2,139.4 4 0
tugas-pertemuan-7/handlers/student.go:156.40,159.14 2 0
tugas-pertemuan-7/handlers/student.go:159.14,161.3 1 0
tugas-pertemuan-7/handlers/student.go:163.2,165.44 2 0
tugas-pertemuan-7/handlers/student.go:165.44,167.3 1 0
tugas-pertemuan-7/handlers/student.go:169.2,172.37 2 0
tugas-pertemuan-7/handlers/student.go:172.37,175.54 2 0
tugas-pertemuan-7/handlers/student.go:175.54,184.9 7 0
tugas-pertemuan-7/handlers/student.go:188.2,188.21 1 0
tugas-pertemuan-7/handlers/student.go:188.21,190.3 1 0
tugas-pertemuan-7/handlers/student.go:192.2,196.4 1 0
tugas-pertemuan-7/handlers/student.go:211.40,217.37 3 0
tugas-pertemuan-7/handlers/student.go:217.37,218.54 1 0
tugas-pertemuan-7/handlers/student.go:218.54,221.9 3 0
tugas-pertemuan-7/handlers/student.go:225.2,225.21 1 0
tugas-pertemuan-7/handlers/student.go:225.21,227.3 1 0
tugas-pertemuan-7/handlers/student.go:229.2,233.4 1 0
tugas-pertemuan-7/utils/jwt.go:22.51,36.2 3 1
tugas-pertemuan-7/utils/jwt.go:38.51,41.56 2 1
tugas-pertemuan-7/utils/jwt.go:41.56,43.3 1 1
tugas-pertemuan-7/utils/jwt.go:45.2,48.35 1 1
tugas-pertemuan-7/utils/jwt.go:48.35,50.4 1 1
tugas-pertemuan-7/utils/jwt.go:53.2,53.32 1 1
tugas-pertemuan-7/utils/jwt.go:53.32,55.3 1 1
tugas-pertemuan-7/utils/jwt.go:57.2,59.9 2 1
tugas-pertemuan-7/utils/jwt.go:59.9,61.3 1 0
tugas-pertemuan-7/utils/jwt.go:63.2,63.20 1 1
tugas-pertemuan-7/utils/validation.go:7.39,10.2 2 1
tugas-pertemuan-7/utils/validation.go:12.35,14.2 1 1
tugas-pertemuan-7/utils/validation.go:16.42,18.2 1 1
